<?xml version="1.0" encoding="UTF-8"?>
<testng-results skipped="0" failed="0" ignored="0" total="1" passed="1">
  <reporter-output>
  </reporter-output>
  <suite name="Default suite" duration-ms="7765" started-at="2022-10-12T20:23:14 IST" finished-at="2022-10-12T20:23:21 IST">
    <groups>
    </groups>
    <test name="Default test" duration-ms="7765" started-at="2022-10-12T20:23:14 IST" finished-at="2022-10-12T20:23:21 IST">
      <class name="Test.T9">
        <test-method status="PASS" signature="m1()[pri:0, instance:Test.T9@76a3e297]" name="m1" duration-ms="7733" started-at="2022-10-12T20:23:14 IST" finished-at="2022-10-12T20:23:21 IST">
          <reporter-output>
          </reporter-output>
        </test-method> <!-- m1 -->
      </class> <!-- Test.T9 -->
    </test> <!-- Default test -->
  </suite> <!-- Default suite -->
</testng-results>
